<?xml version="1.0" encoding="UTF-8"?>
<testng-results skipped="0" failed="0" total="1" passed="1">
  <reporter-output>
  </reporter-output>
  <suite name="Default suite" duration-ms="63410" started-at="2015-04-30T10:07:06Z" finished-at="2015-04-30T10:08:09Z">
    <groups>
    </groups>
    <test name="Default test" duration-ms="63410" started-at="2015-04-30T10:07:06Z" finished-at="2015-04-30T10:08:09Z">
      <class name="com.learning.general.GmailDeleteMails">
        <test-method status="PASS" signature="SetUp()[pri:0, instance:com.learning.general.GmailDeleteMails@3bd62ac4]" name="SetUp" is-config="true" duration-ms="17359" started-at="2015-04-30T15:37:06Z" finished-at="2015-04-30T15:37:23Z">
          <reporter-output>
          </reporter-output>
        </test-method> <!-- SetUp -->
        <test-method status="PASS" signature="OpenBrowser()[pri:0, instance:com.learning.general.GmailDeleteMails@3bd62ac4]" name="OpenBrowser" duration-ms="45970" started-at="2015-04-30T15:37:23Z" finished-at="2015-04-30T15:38:09Z">
          <reporter-output>
          </reporter-output>
        </test-method> <!-- OpenBrowser -->
      </class> <!-- com.learning.general.GmailDeleteMails -->
    </test> <!-- Default test -->
  </suite> <!-- Default suite -->
</testng-results>
